2022-04-02T00:42:01.895248Z 0 [Warning] Insecure configuration for --secure-file-priv: Current value does not restrict location of generated files. Consider setting it to a valid, non-empty path.
2022-04-02T00:42:01.895587Z 0 [Note] C:\laragon\bin\mysql\mysql-5.7.33-winx64\bin\mysqld (mysqld 5.7.33) starting as process 1480 ...
2022-04-02T00:42:01.909791Z 0 [Note] InnoDB: Mutexes and rw_locks use Windows interlocked functions
2022-04-02T00:42:01.910715Z 0 [Note] InnoDB: Uses event mutexes
2022-04-02T00:42:01.911230Z 0 [Note] InnoDB: _mm_lfence() and _mm_sfence() are used for memory barrier
2022-04-02T00:42:01.912023Z 0 [Note] InnoDB: Compressed tables use zlib 1.2.11
2022-04-02T00:42:01.912920Z 0 [Note] InnoDB: Number of pools: 1
2022-04-02T00:42:01.916137Z 0 [Note] InnoDB: Not using CPU crc32 instructions
2022-04-02T00:42:01.919610Z 0 [Note] InnoDB: Initializing buffer pool, total size = 128M, instances = 1, chunk size = 128M
2022-04-02T00:42:01.925272Z 0 [Note] InnoDB: Completed initialization of buffer pool
2022-04-02T00:42:01.956792Z 0 [Note] InnoDB: Highest supported file format is Barracuda.
2022-04-02T00:42:02.008279Z 0 [Note] InnoDB: Creating shared tablespace for temporary tables
2022-04-02T00:42:02.008916Z 0 [Note] InnoDB: Setting file '.\ibtmp1' size to 12 MB. Physically writing the file full; Please wait ...
2022-04-02T00:42:02.050422Z 0 [Note] InnoDB: File '.\ibtmp1' size is now 12 MB.
2022-04-02T00:42:02.055709Z 0 [Note] InnoDB: 96 redo rollback segment(s) found. 96 redo rollback segment(s) are active.
2022-04-02T00:42:02.056207Z 0 [Note] InnoDB: 32 non-redo rollback segment(s) are active.
2022-04-02T00:42:02.056736Z 0 [Note] InnoDB: Waiting for purge to start
2022-04-02T00:42:02.123648Z 0 [Note] InnoDB: 5.7.33 started; log sequence number 2746831
2022-04-02T00:42:02.124392Z 0 [Note] Plugin 'FEDERATED' is disabled.
2022-04-02T00:42:02.124713Z 0 [Note] InnoDB: Loading buffer pool(s) from C:\laragon\www\UpTask_MVC\public\mysql\ib_buffer_pool
2022-04-02T00:42:02.132817Z 0 [Note] Found ca.pem, server-cert.pem and server-key.pem in data directory. Trying to enable SSL support using them.
2022-04-02T00:42:02.133305Z 0 [Note] Skipping generation of SSL certificates as certificate files are present in data directory.
2022-04-02T00:42:02.134582Z 0 [Warning] CA certificate ca.pem is self signed.
2022-04-02T00:42:02.134972Z 0 [Note] Skipping generation of RSA key pair as key files are present in data directory.
2022-04-02T00:42:02.135480Z 0 [Note] Server hostname (bind-address): '*'; port: 3306
2022-04-02T00:42:02.135898Z 0 [Note] IPv6 is available.
2022-04-02T00:42:02.136118Z 0 [Note]   - '::' resolves to '::';
2022-04-02T00:42:02.136394Z 0 [Note] Server socket created on IP: '::'.
2022-04-02T00:42:02.136670Z 0 [ERROR] Can't start server: Bind on TCP/IP port: No such file or directory
2022-04-02T00:42:02.137016Z 0 [ERROR] Do you already have another mysqld server running on port: 3306 ?
2022-04-02T00:42:02.137359Z 0 [ERROR] Aborting

2022-04-02T00:42:02.137542Z 0 [Note] Binlog end
2022-04-02T00:42:02.137747Z 0 [Note] Shutting down plugin 'ngram'
2022-04-02T00:42:02.138078Z 0 [Note] Shutting down plugin 'partition'
2022-04-02T00:42:02.138328Z 0 [Note] Shutting down plugin 'BLACKHOLE'
2022-04-02T00:42:02.138568Z 0 [Note] Shutting down plugin 'ARCHIVE'
2022-04-02T00:42:02.138807Z 0 [Note] Shutting down plugin 'PERFORMANCE_SCHEMA'
2022-04-02T00:42:02.139089Z 0 [Note] Shutting down plugin 'MRG_MYISAM'
2022-04-02T00:42:02.139339Z 0 [Note] Shutting down plugin 'MyISAM'
2022-04-02T00:42:02.139580Z 0 [Note] Shutting down plugin 'INNODB_SYS_VIRTUAL'
2022-04-02T00:42:02.139847Z 0 [Note] Shutting down plugin 'INNODB_SYS_DATAFILES'
2022-04-02T00:42:02.140259Z 0 [Note] Shutting down plugin 'INNODB_SYS_TABLESPACES'
2022-04-02T00:42:02.140537Z 0 [Note] Shutting down plugin 'INNODB_SYS_FOREIGN_COLS'
2022-04-02T00:42:02.140814Z 0 [Note] Shutting down plugin 'INNODB_SYS_FOREIGN'
2022-04-02T00:42:02.141078Z 0 [Note] Shutting down plugin 'INNODB_SYS_FIELDS'
2022-04-02T00:42:02.141338Z 0 [Note] Shutting down plugin 'INNODB_SYS_COLUMNS'
2022-04-02T00:42:02.141640Z 0 [Note] Shutting down plugin 'INNODB_SYS_INDEXES'
2022-04-02T00:42:02.141906Z 0 [Note] Shutting down plugin 'INNODB_SYS_TABLESTATS'
2022-04-02T00:42:02.142184Z 0 [Note] Shutting down plugin 'INNODB_SYS_TABLES'
2022-04-02T00:42:02.142279Z 0 [Note] InnoDB: Buffer pool(s) load completed at 220401 18:42:02
2022-04-02T00:42:02.142448Z 0 [Note] Shutting down plugin 'INNODB_FT_INDEX_TABLE'
2022-04-02T00:42:02.142985Z 0 [Note] Shutting down plugin 'INNODB_FT_INDEX_CACHE'
2022-04-02T00:42:02.143267Z 0 [Note] Shutting down plugin 'INNODB_FT_CONFIG'
2022-04-02T00:42:02.143526Z 0 [Note] Shutting down plugin 'INNODB_FT_BEING_DELETED'
2022-04-02T00:42:02.143807Z 0 [Note] Shutting down plugin 'INNODB_FT_DELETED'
2022-04-02T00:42:02.144065Z 0 [Note] Shutting down plugin 'INNODB_FT_DEFAULT_STOPWORD'
2022-04-02T00:42:02.144349Z 0 [Note] Shutting down plugin 'INNODB_METRICS'
2022-04-02T00:42:02.144601Z 0 [Note] Shutting down plugin 'INNODB_TEMP_TABLE_INFO'
2022-04-02T00:42:02.144876Z 0 [Note] Shutting down plugin 'INNODB_BUFFER_POOL_STATS'
2022-04-02T00:42:02.145157Z 0 [Note] Shutting down plugin 'INNODB_BUFFER_PAGE_LRU'
2022-04-02T00:42:02.145426Z 0 [Note] Shutting down plugin 'INNODB_BUFFER_PAGE'
2022-04-02T00:42:02.145685Z 0 [Note] Shutting down plugin 'INNODB_CMP_PER_INDEX_RESET'
2022-04-02T00:42:02.145970Z 0 [Note] Shutting down plugin 'INNODB_CMP_PER_INDEX'
2022-04-02T00:42:02.146236Z 0 [Note] Shutting down plugin 'INNODB_CMPMEM_RESET'
2022-04-02T00:42:02.146500Z 0 [Note] Shutting down plugin 'INNODB_CMPMEM'
2022-04-02T00:42:02.146781Z 0 [Note] Shutting down plugin 'INNODB_CMP_RESET'
2022-04-02T00:42:02.147080Z 0 [Note] Shutting down plugin 'INNODB_CMP'
2022-04-02T00:42:02.147327Z 0 [Note] Shutting down plugin 'INNODB_LOCK_WAITS'
2022-04-02T00:42:02.147586Z 0 [Note] Shutting down plugin 'INNODB_LOCKS'
2022-04-02T00:42:02.147835Z 0 [Note] Shutting down plugin 'INNODB_TRX'
2022-04-02T00:42:02.148074Z 0 [Note] Shutting down plugin 'InnoDB'
2022-04-02T00:42:02.148324Z 0 [Note] InnoDB: FTS optimize thread exiting.
2022-04-02T00:42:02.148623Z 0 [Note] InnoDB: Starting shutdown...
2022-04-02T00:42:02.264337Z 0 [Note] InnoDB: Dumping buffer pool(s) to C:\laragon\www\UpTask_MVC\public\mysql\ib_buffer_pool
2022-04-02T00:42:02.265656Z 0 [Note] InnoDB: Buffer pool(s) dump completed at 220401 18:42:02
2022-04-02T00:42:03.571951Z 0 [Note] InnoDB: Shutdown completed; log sequence number 2746850
2022-04-02T00:42:03.572646Z 0 [Note] InnoDB: Removed temporary tablespace data file: "ibtmp1"
2022-04-02T00:42:03.572997Z 0 [Note] Shutting down plugin 'MEMORY'
2022-04-02T00:42:03.573223Z 0 [Note] Shutting down plugin 'CSV'
2022-04-02T00:42:03.573435Z 0 [Note] Shutting down plugin 'sha256_password'
2022-04-02T00:42:03.573682Z 0 [Note] Shutting down plugin 'mysql_native_password'
2022-04-02T00:42:03.574045Z 0 [Note] Shutting down plugin 'binlog'
2022-04-02T00:42:03.577669Z 0 [Note] C:\laragon\bin\mysql\mysql-5.7.33-winx64\bin\mysqld: Shutdown complete

